TN:
SF:src\components\Footer.vue
FN:17,(anonymous_0)
FN:18,(anonymous_1)
FN:19,(anonymous_2)
FNF:3
FNH:3
FNDA:30,(anonymous_0)
FNDA:15,(anonymous_1)
FNDA:15,(anonymous_2)
DA:2,15
DA:3,1
DA:5,1
DA:14,1
DA:16,1
DA:17,30
DA:18,15
DA:19,15
DA:23,1
DA:28,1
DA:35,1
DA:46,15
LF:12
LH:12
BRDA:33,0,0,15
BRDA:33,0,1,15
BRDA:21,1,0,15
BRDA:21,1,1,15
BRDA:17,2,0,30
BRDA:17,2,1,15
BRDA:18,3,0,15
BRDA:18,3,1,15
BRDA:19,4,0,15
BRDA:19,4,1,15
BRDA:31,5,0,15
BRDA:31,5,1,15
BRDA:24,6,0,15
BRDA:24,6,1,15
BRDA:36,7,0,15
BRDA:36,7,1,15
BRF:16
BRH:16
end_of_record
TN:
SF:src\components\Grafico.vue
FN:4,(anonymous_0)
FNF:1
FNH:0
FNDA:0,(anonymous_0)
DA:2,1
DA:4,3
DA:11,3
LF:3
LH:3
BRF:0
BRH:0
end_of_record
TN:
SF:src\components\Login.vue
FN:167,(anonymous_0)
FN:177,(anonymous_1)
FN:184,(anonymous_2)
FN:192,(anonymous_3)
FN:198,(anonymous_4)
FN:300,(anonymous_5)
FN:4,(anonymous_6)
FN:12,(anonymous_7)
FN:42,(anonymous_8)
FN:58,(anonymous_9)
FN:105,(anonymous_10)
FN:111,(anonymous_11)
FN:140,(anonymous_12)
FNF:13
FNH:10
FNDA:14,(anonymous_0)
FNDA:2,(anonymous_1)
FNDA:4,(anonymous_2)
FNDA:4,(anonymous_3)
FNDA:4,(anonymous_4)
FNDA:0,(anonymous_5)
FNDA:0,(anonymous_6)
FNDA:0,(anonymous_7)
FNDA:5,(anonymous_8)
FNDA:5,(anonymous_9)
FNDA:1,(anonymous_10)
FNDA:14,(anonymous_11)
FNDA:14,(anonymous_12)
DA:2,35
DA:3,0
DA:12,0
DA:17,4
DA:23,4
DA:37,4
DA:43,5
DA:52,4
DA:54,4
DA:59,5
DA:102,4
DA:103,4
DA:106,1
DA:111,14
DA:138,4
DA:140,14
DA:154,14
DA:155,14
DA:157,14
DA:158,14
DA:159,14
DA:160,14
DA:161,14
DA:162,14
DA:163,14
DA:164,14
DA:167,14
DA:168,14
DA:169,14
DA:171,14
DA:172,1
DA:173,1
DA:177,14
DA:178,2
DA:184,14
DA:185,4
DA:186,4
DA:192,14
DA:193,4
DA:194,4
DA:195,4
DA:198,14
DA:200,4
DA:203,4
DA:204,1
DA:205,1
DA:206,1
DA:209,3
DA:211,3
DA:213,3
DA:218,2
DA:219,1
DA:220,1
DA:223,1
DA:226,1
DA:232,1
DA:234,0
DA:235,0
DA:238,1
DA:239,1
DA:241,1
DA:244,0
DA:245,0
DA:246,0
DA:249,0
DA:250,0
DA:251,0
DA:254,0
DA:256,1
DA:260,1
DA:263,1
DA:264,0
DA:265,0
DA:268,1
DA:269,1
DA:273,1
DA:274,4
DA:276,4
DA:278,0
DA:279,0
DA:280,0
DA:283,1
DA:284,1
DA:285,1
DA:288,1
DA:291,1
DA:300,4
DA:301,0
DA:304,0
DA:305,0
DA:306,0
LF:91
LH:71
BRDA:171,0,0,1
BRDA:171,0,1,13
BRDA:171,1,0,14
BRDA:171,1,1,1
BRDA:203,2,0,1
BRDA:203,2,1,3
BRDA:218,3,0,1
BRDA:218,3,1,1
BRDA:223,4,0,1
BRDA:223,4,1,0
BRDA:223,4,2,0
BRDA:223,4,3,0
BRDA:232,5,0,0
BRDA:232,5,1,1
BRDA:263,6,0,0
BRDA:263,6,1,1
BRDA:273,7,0,1
BRDA:273,7,1,0
BRDA:274,8,0,4
BRDA:274,8,1,0
BRDA:276,9,0,0
BRDA:276,9,1,1
BRDA:293,10,0,0
BRDA:293,10,1,1
BRDA:15,11,0,35
BRDA:15,11,1,14
BRDA:144,12,0,35
BRDA:144,12,1,14
BRDA:143,13,0,35
BRDA:143,13,1,14
BRDA:27,14,0,2
BRDA:27,14,1,33
BRDA:34,15,0,2
BRDA:34,15,1,2
BRDA:50,16,0,35
BRDA:50,16,1,14
BRDA:42,17,0,35
BRDA:42,17,1,14
BRDA:49,18,0,2
BRDA:49,18,1,33
BRDA:100,19,0,35
BRDA:100,19,1,14
BRDA:56,20,0,1
BRDA:56,20,1,34
BRDA:58,21,0,35
BRDA:58,21,1,14
BRDA:72,22,0,34
BRDA:72,22,1,1
BRDA:82,23,0,34
BRDA:82,23,1,14
BRDA:96,24,0,1
BRDA:96,24,1,1
BRDA:99,25,0,0
BRDA:99,25,1,35
BRDA:105,26,0,35
BRDA:105,26,1,14
BRDA:109,27,0,35
BRDA:109,27,1,14
BRDA:111,28,0,14
BRDA:111,28,1,14
BRDA:115,29,0,32
BRDA:115,29,1,3
BRDA:134,30,0,3
BRDA:134,30,1,3
BRDA:141,31,0,35
BRDA:141,31,1,14
BRDA:140,32,0,14
BRDA:140,32,1,14
BRF:68
BRH:58
end_of_record
TN:
SF:src\components\Navbar.vue
FN:54,toggleMenu
FN:58,cerrarMenu
FN:63,(anonymous_2)
FN:71,(anonymous_3)
FN:79,(anonymous_4)
FN:5,(anonymous_5)
FN:10,(anonymous_6)
FN:15,(anonymous_7)
FN:16,(anonymous_8)
FN:23,(anonymous_9)
FN:24,(anonymous_10)
FNF:11
FNH:11
FNDA:3,toggleMenu
FNDA:21,cerrarMenu
FNDA:16,(anonymous_2)
FNDA:19,(anonymous_3)
FNDA:1,(anonymous_4)
FNDA:32,(anonymous_5)
FNDA:30,(anonymous_6)
FNDA:5,(anonymous_7)
FNDA:5,(anonymous_8)
FNDA:18,(anonymous_9)
FNDA:17,(anonymous_10)
DA:2,26
DA:4,1
DA:5,32
DA:10,30
DA:15,5
DA:16,5
DA:23,18
DA:24,17
DA:47,16
DA:48,16
DA:50,16
DA:51,16
DA:52,16
DA:55,3
DA:59,21
DA:63,16
DA:64,16
DA:65,16
DA:66,3
DA:71,16
DA:72,19
DA:73,19
DA:74,5
DA:76,19
DA:79,16
DA:80,1
DA:81,1
DA:82,1
DA:83,1
DA:84,1
LF:30
LH:30
BRDA:65,0,0,3
BRDA:65,0,1,13
BRDA:73,1,0,5
BRDA:73,1,1,14
BRDA:5,2,0,32
BRDA:5,2,1,16
BRDA:9,3,0,21
BRDA:9,3,1,NaN
BRDA:10,4,0,30
BRDA:10,4,1,16
BRDA:14,5,0,5
BRDA:14,5,1,NaN
BRDA:15,6,0,5
BRDA:15,6,1,4
BRDA:16,7,0,5
BRDA:16,7,1,4
BRDA:19,8,0,5
BRDA:19,8,1,21
BRDA:23,9,0,18
BRDA:23,9,1,16
BRDA:24,10,0,17
BRDA:24,10,1,16
BRDA:32,11,0,26
BRDA:32,11,1,16
BRF:24
BRH:22
end_of_record
TN:
SF:src\components\Register.vue
FN:301,(anonymous_0)
FN:310,(anonymous_1)
FN:329,(anonymous_2)
FN:358,(anonymous_3)
FN:375,(anonymous_4)
FN:389,(anonymous_5)
FN:393,(anonymous_6)
FN:398,(anonymous_7)
FN:447,(anonymous_8)
FN:4,(anonymous_9)
FN:12,(anonymous_10)
FN:32,(anonymous_11)
FN:57,(anonymous_12)
FN:69,(anonymous_13)
FN:84,(anonymous_14)
FN:173,(anonymous_15)
FN:261,(anonymous_16)
FNF:17
FNH:14
FNDA:24,(anonymous_0)
FNDA:7,(anonymous_1)
FNDA:15,(anonymous_2)
FNDA:14,(anonymous_3)
FNDA:33,(anonymous_4)
FNDA:2,(anonymous_5)
FNDA:1,(anonymous_6)
FNDA:2,(anonymous_7)
FNDA:0,(anonymous_8)
FNDA:0,(anonymous_9)
FNDA:0,(anonymous_10)
FNDA:6,(anonymous_11)
FNDA:4,(anonymous_12)
FNDA:4,(anonymous_13)
FNDA:13,(anonymous_14)
FNDA:10,(anonymous_15)
FNDA:17,(anonymous_16)
DA:2,54
DA:3,0
DA:12,0
DA:17,3
DA:23,3
DA:28,3
DA:33,6
DA:52,3
DA:53,3
DA:58,4
DA:65,3
DA:70,4
DA:79,3
DA:81,3
DA:85,13
DA:131,3
DA:133,3
DA:139,3
DA:145,3
DA:151,3
DA:157,3
DA:166,3
DA:170,3
DA:174,10
DA:257,3
DA:261,17
DA:277,17
DA:278,17
DA:281,17
DA:282,17
DA:283,17
DA:284,17
DA:285,17
DA:288,17
DA:289,17
DA:290,17
DA:293,17
DA:294,17
DA:295,17
DA:296,17
DA:297,17
DA:298,17
DA:301,24
DA:310,17
DA:311,7
DA:313,7
DA:314,0
DA:315,0
DA:316,0
DA:319,7
DA:320,1
DA:321,1
DA:323,6
DA:324,6
DA:329,17
DA:330,15
DA:331,0
DA:332,0
DA:333,0
DA:337,15
DA:343,15
DA:344,2
DA:345,2
DA:347,13
DA:348,13
DA:352,15
DA:353,2
DA:358,17
DA:359,14
DA:360,0
DA:361,0
DA:362,0
DA:365,14
DA:366,2
DA:367,2
DA:369,12
DA:370,12
DA:375,17
DA:376,33
DA:389,17
DA:390,2
DA:393,17
DA:394,1
DA:398,17
DA:400,2
DA:401,2
DA:402,2
DA:404,2
DA:405,0
DA:408,2
DA:410,2
DA:412,2
DA:424,1
DA:425,0
DA:426,0
DA:433,0
DA:434,0
DA:438,1
DA:440,1
DA:447,1
DA:448,0
DA:451,0
DA:452,0
DA:458,1
LF:104
LH:85
BRDA:313,0,0,0
BRDA:313,0,1,7
BRDA:319,1,0,1
BRDA:319,1,1,6
BRDA:330,2,0,0
BRDA:330,2,1,15
BRDA:337,3,0,15
BRDA:337,3,1,13
BRDA:337,3,2,13
BRDA:337,3,3,13
BRDA:337,3,4,13
BRDA:343,4,0,2
BRDA:343,4,1,13
BRDA:352,5,0,2
BRDA:352,5,1,13
BRDA:359,6,0,0
BRDA:359,6,1,14
BRDA:365,7,0,2
BRDA:365,7,1,12
BRDA:377,8,0,33
BRDA:377,8,1,16
BRDA:377,8,2,12
BRDA:377,8,3,9
BRDA:377,8,4,6
BRDA:377,8,5,3
BRDA:377,8,6,3
BRDA:377,8,7,3
BRDA:404,9,0,0
BRDA:404,9,1,2
BRDA:424,10,0,0
BRDA:424,10,1,1
BRDA:427,11,0,0
BRDA:427,11,1,0
BRDA:15,12,0,54
BRDA:15,12,1,17
BRDA:266,13,0,54
BRDA:266,13,1,17
BRDA:265,14,0,54
BRDA:265,14,1,17
BRDA:49,15,0,54
BRDA:49,15,1,17
BRDA:32,16,0,54
BRDA:32,16,1,17
BRDA:43,17,0,1
BRDA:43,17,1,53
BRDA:46,18,0,19
BRDA:46,18,1,35
BRDA:46,19,0,54
BRDA:46,19,1,19
BRDA:63,20,0,54
BRDA:63,20,1,17
BRDA:57,21,0,54
BRDA:57,21,1,17
BRDA:75,22,0,54
BRDA:75,22,1,17
BRDA:69,23,0,54
BRDA:69,23,1,17
BRDA:163,24,0,54
BRDA:163,24,1,17
BRDA:83,25,0,1
BRDA:83,25,1,53
BRDA:84,26,0,54
BRDA:84,26,1,17
BRDA:102,27,0,53
BRDA:102,27,1,1
BRDA:112,28,0,53
BRDA:112,28,1,17
BRDA:126,29,0,1
BRDA:126,29,1,1
BRDA:134,30,0,54
BRDA:134,30,1,17
BRDA:140,31,0,54
BRDA:140,31,1,17
BRDA:146,32,0,54
BRDA:146,32,1,17
BRDA:152,33,0,54
BRDA:152,33,1,17
BRDA:158,34,0,54
BRDA:158,34,1,17
BRDA:227,35,0,54
BRDA:227,35,1,17
BRDA:172,36,0,1
BRDA:172,36,1,53
BRDA:173,37,0,54
BRDA:173,37,1,17
BRDA:191,38,0,53
BRDA:191,38,1,1
BRDA:201,39,0,53
BRDA:201,39,1,17
BRDA:215,40,0,1
BRDA:215,40,1,1
BRDA:218,41,0,1
BRDA:218,41,1,53
BRDA:222,42,0,7
BRDA:222,42,1,47
BRDA:222,43,0,54
BRDA:222,43,1,7
BRDA:232,44,0,54
BRDA:232,44,1,52
BRDA:234,45,0,52
BRDA:234,45,1,2
BRDA:253,46,0,2
BRDA:253,46,1,2
BRDA:263,47,0,54
BRDA:263,47,1,17
BRDA:261,48,0,17
BRDA:261,48,1,17
BRF:107
BRH:100
end_of_record
TN:
SF:src\components\ToastNotification.vue
FN:49,(anonymous_0)
FN:64,(anonymous_1)
FN:72,(anonymous_2)
FN:75,(anonymous_3)
FN:81,(anonymous_4)
FN:81,(anonymous_5)
FN:89,(anonymous_6)
FN:3,(anonymous_7)
FNF:8
FNH:0
FNDA:0,(anonymous_0)
FNDA:0,(anonymous_1)
FNDA:0,(anonymous_2)
FNDA:0,(anonymous_3)
FNDA:0,(anonymous_4)
FNDA:0,(anonymous_5)
FNDA:0,(anonymous_6)
FNDA:0,(anonymous_7)
DA:2,0
DA:4,4
DA:8,4
DA:10,4
DA:17,0
DA:34,0
DA:42,0
DA:46,0
DA:47,0
DA:49,0
DA:50,0
DA:52,0
DA:54,0
DA:56,0
DA:58,0
DA:60,0
DA:64,0
DA:65,0
DA:66,0
DA:67,0
DA:69,0
DA:72,0
DA:73,0
DA:74,0
DA:75,0
DA:76,0
DA:81,0
DA:82,0
DA:83,0
DA:85,0
DA:89,0
DA:90,0
DA:91,0
DA:95,0
LF:34
LH:3
BRDA:50,0,0,0
BRDA:50,0,1,0
BRDA:50,0,2,0
BRDA:50,0,3,0
BRDA:50,0,4,0
BRDA:66,1,0,0
BRDA:66,1,1,0
BRDA:74,2,0,0
BRDA:74,2,1,0
BRDA:82,3,0,0
BRDA:82,3,1,0
BRDA:90,4,0,0
BRDA:90,4,1,0
BRDA:3,5,0,0
BRDA:3,5,1,NaN
BRDA:9,6,0,0
BRDA:9,6,1,0
BRF:17
BRH:0
end_of_record
TN:
SF:src\composables\useToast.ts
FN:19,(anonymous_0)
FN:20,(anonymous_1)
FN:35,(anonymous_2)
FN:42,(anonymous_3)
FN:43,(anonymous_4)
FN:46,(anonymous_5)
FN:52,(anonymous_6)
FN:56,(anonymous_7)
FN:60,(anonymous_8)
FN:64,(anonymous_9)
FNF:10
FNH:0
FNDA:0,(anonymous_0)
FNDA:0,(anonymous_1)
FNDA:0,(anonymous_2)
FNDA:0,(anonymous_3)
FNDA:0,(anonymous_4)
FNDA:0,(anonymous_5)
FNDA:0,(anonymous_6)
FNDA:0,(anonymous_7)
FNDA:0,(anonymous_8)
FNDA:0,(anonymous_9)
DA:16,2
DA:17,2
DA:19,2
DA:20,0
DA:21,0
DA:22,0
DA:31,0
DA:34,0
DA:35,0
DA:36,0
DA:39,0
DA:42,0
DA:43,0
DA:44,0
DA:45,0
DA:46,0
DA:47,0
DA:52,0
DA:53,0
DA:56,0
DA:57,0
DA:60,0
DA:61,0
DA:64,0
DA:65,0
DA:68,0
LF:26
LH:3
BRDA:25,0,0,0
BRDA:25,0,1,0
BRDA:26,1,0,0
BRDA:26,1,1,0
BRDA:27,2,0,0
BRDA:27,2,1,0
BRDA:34,3,0,0
BRDA:34,3,1,0
BRDA:44,4,0,0
BRDA:44,4,1,0
BRF:10
BRH:0
end_of_record
TN:
SF:src\composables\useTransacciones.ts
FN:10,useTransacciones
FN:16,(anonymous_1)
FN:17,(anonymous_2)
FN:20,(anonymous_3)
FN:21,(anonymous_4)
FN:25,(anonymous_5)
FN:26,(anonymous_6)
FN:29,(anonymous_7)
FN:30,(anonymous_8)
FN:33,(anonymous_9)
FN:38,mapearTransaccion
FN:69,obtenerTransacciones
FN:125,obtenerTransaccionesMesActual
FN:139,obtenerTransaccionesPorTipo
FN:149,crearTransaccion
FN:191,actualizarTransaccion
FN:221,(anonymous_16)
FN:240,eliminarTransaccion
FN:253,(anonymous_18)
FNF:19
FNH:1
FNDA:4,useTransacciones
FNDA:0,(anonymous_1)
FNDA:0,(anonymous_2)
FNDA:0,(anonymous_3)
FNDA:0,(anonymous_4)
FNDA:0,(anonymous_5)
FNDA:0,(anonymous_6)
FNDA:0,(anonymous_7)
FNDA:0,(anonymous_8)
FNDA:0,(anonymous_9)
FNDA:0,mapearTransaccion
FNDA:0,obtenerTransacciones
FNDA:0,obtenerTransaccionesMesActual
FNDA:0,obtenerTransaccionesPorTipo
FNDA:0,crearTransaccion
FNDA:0,actualizarTransaccion
FNDA:0,(anonymous_16)
FNDA:0,eliminarTransaccion
FNDA:0,(anonymous_18)
DA:11,4
DA:12,4
DA:13,4
DA:16,4
DA:17,0
DA:20,4
DA:21,0
DA:25,4
DA:26,0
DA:29,4
DA:30,0
DA:33,4
DA:39,0
DA:73,0
DA:74,0
DA:76,0
DA:77,0
DA:83,0
DA:84,0
DA:85,0
DA:87,0
DA:88,0
DA:90,0
DA:91,0
DA:93,0
DA:94,0
DA:96,0
DA:97,0
DA:99,0
DA:100,0
DA:104,0
DA:109,0
DA:111,0
DA:112,0
DA:114,0
DA:115,0
DA:116,0
DA:118,0
DA:126,0
DA:127,0
DA:128,0
DA:130,0
DA:143,0
DA:153,0
DA:154,0
DA:156,0
DA:158,0
DA:167,0
DA:173,0
DA:175,0
DA:176,0
DA:178,0
DA:180,0
DA:181,0
DA:182,0
DA:184,0
DA:195,0
DA:196,0
DA:198,0
DA:200,0
DA:201,0
DA:202,0
DA:203,0
DA:204,0
DA:205,0
DA:206,0
DA:207,0
DA:208,0
DA:210,0
DA:217,0
DA:219,0
DA:220,0
DA:221,0
DA:223,0
DA:224,0
DA:227,0
DA:229,0
DA:230,0
DA:231,0
DA:233,0
DA:241,0
DA:242,0
DA:244,0
DA:245,0
DA:250,0
DA:252,0
DA:253,0
DA:255,0
DA:257,0
DA:258,0
DA:259,0
DA:261,0
DA:265,4
LF:93
LH:9
BRDA:44,0,0,0
BRDA:44,0,1,0
BRDA:50,1,0,0
BRDA:50,1,1,0
BRDA:83,2,0,0
BRDA:83,2,1,0
BRDA:84,3,0,0
BRDA:84,3,1,0
BRDA:84,4,0,0
BRDA:84,4,1,0
BRDA:87,5,0,0
BRDA:87,5,1,0
BRDA:90,6,0,0
BRDA:90,6,1,0
BRDA:93,7,0,0
BRDA:93,7,1,0
BRDA:96,8,0,0
BRDA:96,8,1,0
BRDA:99,9,0,0
BRDA:99,9,1,0
BRDA:109,10,0,0
BRDA:109,10,1,0
BRDA:114,11,0,0
BRDA:114,11,1,0
BRDA:173,12,0,0
BRDA:173,12,1,0
BRDA:180,13,0,0
BRDA:180,13,1,0
BRDA:201,14,0,0
BRDA:201,14,1,0
BRDA:203,15,0,0
BRDA:203,15,1,0
BRDA:204,16,0,0
BRDA:204,16,1,0
BRDA:205,17,0,0
BRDA:205,17,1,0
BRDA:207,18,0,0
BRDA:207,18,1,0
BRDA:217,19,0,0
BRDA:217,19,1,0
BRDA:223,20,0,0
BRDA:223,20,1,0
BRDA:229,21,0,0
BRDA:229,21,1,0
BRDA:250,22,0,0
BRDA:250,22,1,0
BRDA:257,23,0,0
BRDA:257,23,1,0
BRF:48
BRH:0
end_of_record
TN:
SF:src\lib\conectionWithSupabase.ts
FNF:0
FNH:0
DA:3,3
DA:4,3
DA:6,3
LF:3
LH:3
BRF:0
BRH:0
end_of_record
TN:
SF:src\pages\homepage.vue
FN:365,(anonymous_0)
FN:380,(anonymous_1)
FNF:2
FNH:2
FNDA:27,(anonymous_0)
FNDA:1,(anonymous_1)
DA:2,28
DA:9,1
DA:285,27
DA:286,27
DA:287,27
DA:288,27
DA:291,27
DA:365,27
DA:367,27
DA:374,27
DA:375,27
DA:376,1
DA:380,27
DA:381,1
LF:14
LH:14
BRDA:375,0,0,1
BRDA:375,0,1,26
BRDA:39,1,0,28
BRDA:39,1,1,27
BRDA:30,2,0,27
BRDA:30,2,1,NaN
BRDA:32,3,0,27
BRDA:32,3,1,27
BRF:8
BRH:7
end_of_record
